[00:05:46] [Server thread/INFO]: Alegria11293[/127.71.54.31:54603] logged in with entity id 77492 at (-245.43688905722505, 76.0, -172.8076458607399)
[00:05:46] [Server thread/INFO]: Alegria11293 joined the game
[00:05:46] [Server thread/INFO]: Async chunk loading for player Alegria11293 completed
[00:05:46] [Server thread/INFO]: [voicechat] Received secret request of Alegria11293 (18)
[00:05:46] [Server thread/INFO]: [voicechat] Sent secret to Alegria11293
[00:05:48] [Server thread/INFO]: Player Alegria11293 joined with a matching carpet client
[00:05:49] [VoiceChatPacketProcessingThread/INFO]: [voicechat] Successfully authenticated player 06afecaa-34b2-3f4f-8781-666370e8082f
[00:05:50] [VoiceChatPacketProcessingThread/INFO]: [voicechat] Successfully validated connection of player 06afecaa-34b2-3f4f-8781-666370e8082f
[00:05:50] [VoiceChatPacketProcessingThread/INFO]: [voicechat] Player Alegria11293 (06afecaa-34b2-3f4f-8781-666370e8082f) successfully connected to voice chat
[00:06:01] [Server thread/INFO]: Stopping the server
[00:06:01] [Server thread/INFO]: Stopping server
[00:06:01] [Server thread/INFO]: Saving players
[00:06:01] [Server thread/INFO]: Alegria11293 lost connection: Server closed
[00:06:01] [Server thread/INFO]: Alegria11293 left the game
[00:06:01] [Server thread/INFO]: Saving worlds
[00:06:01] [Server thread/INFO]: Saving chunks for level 'ServerLevel[blitz]'/minecraft:overworld
[00:06:01] [Server thread/INFO]: Saving chunks for level 'ServerLevel[blitz]'/minecraft:the_nether
[00:06:01] [Server thread/INFO]: Saving chunks for level 'ServerLevel[blitz]'/minecraft:the_end
[00:06:01] [Server thread/INFO]: ThreadedAnvilChunkStorage (world): All chunks are saved
[00:06:01] [Server thread/INFO]: ThreadedAnvilChunkStorage (DIM-1): All chunks are saved
[00:06:01] [Server thread/INFO]: ThreadedAnvilChunkStorage (DIM1): All chunks are saved
[00:06:01] [Server thread/INFO]: ThreadedAnvilChunkStorage: All dimensions are saved
